<?xml version="1.0" encoding="UTF-8"?>
<!-- Generated by org.testng.reporters.JUnitXMLReporter -->
<testsuite ignored="0" hostname="LAPTOP-0A2M3F1A" failures="0" tests="7" name="Default test" time="613.349" errors="0" timestamp="2023-06-21T14:19:26 IST">
  <testcase classname="testcases.DecimalToFractionTest" name="clickTextBox" time="0.106"/>
  <testcase classname="testcases.DecimalToFractionTest" name="sendValue" time="0.309"/>
  <testcase classname="testcases.DecimalToFractionTest" name="convert" time="9.379"/>
  <testcase classname="testcases.DecimalToFractionTest" name="sendValue1" time="18.312"/>
  <testcase classname="testcases.DecimalToFractionTest" name="sendValue2" time="5.258"/>
  <testcase classname="testcases.DecimalToFractionTest" name="sendValue3" time="3.893"/>
  <testcase classname="testcases.DecimalToFractionTest" name="sendValue4" time="4.569"/>
</testsuite> <!-- Default test -->
